<?xml version="1.0" encoding="UTF-8"?>
<testsuite name="SILab2Test" tests="1" skipped="0" failures="0" errors="0" timestamp="2024-05-22T22:00:34" hostname="PAPAGAMER26" time="0.029">
  <properties/>
  <testcase name="testEveryBranch()" classname="SILab2Test" time="0.029"/>
  <system-out><![CDATA[]]></system-out>
  <system-err><![CDATA[]]></system-err>
</testsuite>
